app/build/intermediates/manifest_merge_blame_file/debug/manifest-merger-blame-debug-report.txt
1<?xml version="1.0" encoding="utf-8"?>
2<manifest xmlns:android="http://schemas.android.com/apk/res/android"
3    package="com.example.appmaos"
4    android:versionCode="1"
5    android:versionName="1.0" >
6
7    <uses-sdk
8        android:minSdkVersion="22"
8-->src\main\AndroidManifest.xml
9        android:targetSdkVersion="30" />
9-->src\main\AndroidManifest.xml
10
11    <uses-permission android:name="android.permission.INTERNET" />
11-->src\main\AndroidManifest.xml:5:5-67
11-->src\main\AndroidManifest.xml:5:22-64
12
13    <application
13-->src\main\AndroidManifest.xml:7:5-37:19
14        android:allowBackup="true"
14-->src\main\AndroidManifest.xml:8:9-35
15        android:appComponentFactory="androidx.core.app.CoreComponentFactory"
15-->[androidx.core:core:1.3.1] AndroidManifest.xml:24:18-86
16        android:debuggable="true"
17        android:icon="@mipmap/ic_launcher"
17-->src\main\AndroidManifest.xml:9:9-43
18        android:label="@string/app_name"
18-->src\main\AndroidManifest.xml:10:9-41
19        android:roundIcon="@mipmap/ic_launcher_round"
19-->src\main\AndroidManifest.xml:11:9-54
20        android:supportsRtl="true"
20-->src\main\AndroidManifest.xml:12:9-35
21        android:testOnly="true"
22        android:theme="@style/Theme.AplicaçãoMãos"
22-->src\main\AndroidManifest.xml:13:9-51
23        android:usesCleartextTraffic="true" >
23-->src\main\AndroidManifest.xml:14:9-44
24        <activity android:name="com.example.appmaos.egg" >
24-->src\main\AndroidManifest.xml:15:9-19:20
24-->src\main\AndroidManifest.xml:15:19-38
25            <meta-data
25-->src\main\AndroidManifest.xml:16:13-18:49
26                android:name="android.support.PARENT_ACTIVITY"
26-->src\main\AndroidManifest.xml:17:17-63
27                android:value=".MainActivity" />
27-->src\main\AndroidManifest.xml:18:17-46
28        </activity>
29        <activity android:name="com.example.appmaos.activity_image" >
29-->src\main\AndroidManifest.xml:20:9-24:20
29-->src\main\AndroidManifest.xml:20:19-49
30            <meta-data
30-->src\main\AndroidManifest.xml:16:13-18:49
31                android:name="android.support.PARENT_ACTIVITY"
31-->src\main\AndroidManifest.xml:17:17-63
32                android:value=".MainActivity" />
32-->src\main\AndroidManifest.xml:18:17-46
33        </activity>
34        <activity android:name="com.example.appmaos.MainActivity" >
34-->src\main\AndroidManifest.xml:25:9-31:20
34-->src\main\AndroidManifest.xml:25:19-47
35            <intent-filter>
35-->src\main\AndroidManifest.xml:26:13-30:29
36                <action android:name="android.intent.action.MAIN" />
36-->src\main\AndroidManifest.xml:27:17-69
36-->src\main\AndroidManifest.xml:27:25-66
37
38                <category android:name="android.intent.category.LAUNCHER" />
38-->src\main\AndroidManifest.xml:29:17-77
38-->src\main\AndroidManifest.xml:29:27-74
39            </intent-filter>
40        </activity>
41        <activity android:name="com.example.appmaos.activity_video" >
41-->src\main\AndroidManifest.xml:32:9-36:20
41-->src\main\AndroidManifest.xml:32:19-49
42            <meta-data
42-->src\main\AndroidManifest.xml:16:13-18:49
43                android:name="android.support.PARENT_ACTIVITY"
43-->src\main\AndroidManifest.xml:17:17-63
44                android:value=".MainActivity" />
44-->src\main\AndroidManifest.xml:18:17-46
45        </activity>
46    </application>
47
48</manifest>